CRITICAL - 2022-06-26 00:17:41 --> Undefined variable $values
#0 C:\xampp\htdocs\Antrian\ci4\app\Views\loket\index.php(15): CodeIgniter\Debug\Exceptions->errorHandler(2, 'Undefined varia...', 'C:\\xampp\\htdocs...', 15)
#1 C:\xampp\htdocs\Antrian\ci4\system\View\View.php(210): include('C:\\xampp\\htdocs...')
#2 C:\xampp\htdocs\Antrian\ci4\system\View\View.php(213): CodeIgniter\View\View->CodeIgniter\View\{closure}()
#3 C:\xampp\htdocs\Antrian\ci4\system\Common.php(1089): CodeIgniter\View\View->render('/loket/index', Array, true)
#4 C:\xampp\htdocs\Antrian\ci4\app\Controllers\Loket.php(22): view('/loket/index', Array)
#5 C:\xampp\htdocs\Antrian\ci4\system\CodeIgniter.php(832): App\Controllers\Loket->index()
#6 C:\xampp\htdocs\Antrian\ci4\system\CodeIgniter.php(419): CodeIgniter\CodeIgniter->runController(Object(App\Controllers\Loket))
#7 C:\xampp\htdocs\Antrian\ci4\system\CodeIgniter.php(326): CodeIgniter\CodeIgniter->handleRequest(NULL, Object(Config\Cache), false)
#8 C:\xampp\htdocs\Antrian\ci4\public\index.php(37): CodeIgniter\CodeIgniter->run()
#9 C:\xampp\htdocs\Antrian\ci4\system\Commands\Server\rewrite.php(43): require_once('C:\\xampp\\htdocs...')
#10 {main}
CRITICAL - 2022-06-26 01:17:38 --> Call to a member function save() on null
#0 C:\xampp\htdocs\Antrian\ci4\system\CodeIgniter.php(832): App\Controllers\Pelayanan->simpan()
#1 C:\xampp\htdocs\Antrian\ci4\system\CodeIgniter.php(419): CodeIgniter\CodeIgniter->runController(Object(App\Controllers\Pelayanan))
#2 C:\xampp\htdocs\Antrian\ci4\system\CodeIgniter.php(326): CodeIgniter\CodeIgniter->handleRequest(NULL, Object(Config\Cache), false)
#3 C:\xampp\htdocs\Antrian\ci4\public\index.php(37): CodeIgniter\CodeIgniter->run()
#4 C:\xampp\htdocs\Antrian\ci4\system\Commands\Server\rewrite.php(43): require_once('C:\\xampp\\htdocs...')
#5 {main}
ERROR - 2022-06-26 10:38:55 --> Error connecting to the database: Unknown database 'sistem_antrian'
CRITICAL - 2022-06-26 10:38:55 --> Unable to connect to the database.
Main connection [MySQLi]: Unknown database 'sistem_antrian'
#0 D:\htdocs\contoh_genap\ci4\system\Database\BaseConnection.php(577): CodeIgniter\Database\BaseConnection->initialize()
#1 D:\htdocs\contoh_genap\ci4\system\Database\BaseBuilder.php(1455): CodeIgniter\Database\BaseConnection->query('SELECT *\nFROM `...', Array, false)
#2 D:\htdocs\contoh_genap\ci4\system\Model.php(728): CodeIgniter\Database\BaseBuilder->get()
#3 D:\htdocs\contoh_genap\ci4\app\Models\AntrianModel.php(21): CodeIgniter\Model->__call('get', Array)
#4 D:\htdocs\contoh_genap\ci4\app\Controllers\Home.php(20): App\Models\AntrianModel->getAll()
#5 D:\htdocs\contoh_genap\ci4\system\CodeIgniter.php(832): App\Controllers\Home->index()
#6 D:\htdocs\contoh_genap\ci4\system\CodeIgniter.php(419): CodeIgniter\CodeIgniter->runController(Object(App\Controllers\Home))
#7 D:\htdocs\contoh_genap\ci4\system\CodeIgniter.php(326): CodeIgniter\CodeIgniter->handleRequest(NULL, Object(Config\Cache), false)
#8 D:\htdocs\contoh_genap\ci4\public\index.php(37): CodeIgniter\CodeIgniter->run()
#9 D:\htdocs\contoh_genap\ci4\system\Commands\Server\rewrite.php(43): require_once('D:\\htdocs\\conto...')
#10 {main}
