CRITICAL - 2022-06-25 01:21:03 --> Undefined variable $loket
#0 C:\xampp\htdocs\Antrian\ci4\app\Views\loket\index.php(10): CodeIgniter\Debug\Exceptions->errorHandler(2, 'Undefined varia...', 'C:\\xampp\\htdocs...', 10)
#1 C:\xampp\htdocs\Antrian\ci4\system\View\View.php(210): include('C:\\xampp\\htdocs...')
#2 C:\xampp\htdocs\Antrian\ci4\system\View\View.php(213): CodeIgniter\View\View->CodeIgniter\View\{closure}()
#3 C:\xampp\htdocs\Antrian\ci4\system\Common.php(1089): CodeIgniter\View\View->render('/loket/index', Array, true)
#4 C:\xampp\htdocs\Antrian\ci4\app\Controllers\Loket.php(22): view('/loket/index')
#5 C:\xampp\htdocs\Antrian\ci4\system\CodeIgniter.php(832): App\Controllers\Loket->index()
#6 C:\xampp\htdocs\Antrian\ci4\system\CodeIgniter.php(419): CodeIgniter\CodeIgniter->runController(Object(App\Controllers\Loket))
#7 C:\xampp\htdocs\Antrian\ci4\system\CodeIgniter.php(326): CodeIgniter\CodeIgniter->handleRequest(NULL, Object(Config\Cache), false)
#8 C:\xampp\htdocs\Antrian\ci4\public\index.php(37): CodeIgniter\CodeIgniter->run()
#9 C:\xampp\htdocs\Antrian\ci4\system\Commands\Server\rewrite.php(43): require_once('C:\\xampp\\htdocs...')
#10 {main}
CRITICAL - 2022-06-25 01:21:18 --> Undefined variable $antrian
#0 C:\xampp\htdocs\Antrian\ci4\app\Views\loket\index.php(10): CodeIgniter\Debug\Exceptions->errorHandler(2, 'Undefined varia...', 'C:\\xampp\\htdocs...', 10)
#1 C:\xampp\htdocs\Antrian\ci4\system\View\View.php(210): include('C:\\xampp\\htdocs...')
#2 C:\xampp\htdocs\Antrian\ci4\system\View\View.php(213): CodeIgniter\View\View->CodeIgniter\View\{closure}()
#3 C:\xampp\htdocs\Antrian\ci4\system\Common.php(1089): CodeIgniter\View\View->render('/loket/index', Array, true)
#4 C:\xampp\htdocs\Antrian\ci4\app\Controllers\Loket.php(22): view('/loket/index')
#5 C:\xampp\htdocs\Antrian\ci4\system\CodeIgniter.php(832): App\Controllers\Loket->index()
#6 C:\xampp\htdocs\Antrian\ci4\system\CodeIgniter.php(419): CodeIgniter\CodeIgniter->runController(Object(App\Controllers\Loket))
#7 C:\xampp\htdocs\Antrian\ci4\system\CodeIgniter.php(326): CodeIgniter\CodeIgniter->handleRequest(NULL, Object(Config\Cache), false)
#8 C:\xampp\htdocs\Antrian\ci4\public\index.php(37): CodeIgniter\CodeIgniter->run()
#9 C:\xampp\htdocs\Antrian\ci4\system\Commands\Server\rewrite.php(43): require_once('C:\\xampp\\htdocs...')
#10 {main}
CRITICAL - 2022-06-25 01:49:39 --> Undefined variable $antrian
#0 C:\xampp\htdocs\Antrian\ci4\app\Views\pelayanan\index.php(46): CodeIgniter\Debug\Exceptions->errorHandler(2, 'Undefined varia...', 'C:\\xampp\\htdocs...', 46)
#1 C:\xampp\htdocs\Antrian\ci4\system\View\View.php(210): include('C:\\xampp\\htdocs...')
#2 C:\xampp\htdocs\Antrian\ci4\system\View\View.php(213): CodeIgniter\View\View->CodeIgniter\View\{closure}()
#3 C:\xampp\htdocs\Antrian\ci4\system\Common.php(1089): CodeIgniter\View\View->render('/pelayanan/inde...', Array, true)
#4 C:\xampp\htdocs\Antrian\ci4\app\Controllers\Pelayanan.php(21): view('/pelayanan/inde...', Array)
#5 C:\xampp\htdocs\Antrian\ci4\system\CodeIgniter.php(832): App\Controllers\Pelayanan->index()
#6 C:\xampp\htdocs\Antrian\ci4\system\CodeIgniter.php(419): CodeIgniter\CodeIgniter->runController(Object(App\Controllers\Pelayanan))
#7 C:\xampp\htdocs\Antrian\ci4\system\CodeIgniter.php(326): CodeIgniter\CodeIgniter->handleRequest(NULL, Object(Config\Cache), false)
#8 C:\xampp\htdocs\Antrian\ci4\public\index.php(37): CodeIgniter\CodeIgniter->run()
#9 C:\xampp\htdocs\Antrian\ci4\system\Commands\Server\rewrite.php(43): require_once('C:\\xampp\\htdocs...')
#10 {main}
